2024-05-12 08:52:29,607 - pyswarms.single.global_best - INFO - Optimize for 100 iters with {'c1': 1.5, 'c2': 1.5, 'w': 0.5}
2024-05-12 08:52:29,999 - pyswarms.single.global_best - INFO - Optimization finished | best cost: -3566.9916814661556, best pos: [34826.69412577 47637.03771338 36252.11563322 44965.36268339
 35411.70601088 50240.41309837 36655.25644557 48702.33869822
 33666.55892149 49799.70702363]
2024-05-12 08:53:07,172 - pyswarms.single.global_best - INFO - Optimize for 100 iters with {'c1': 1.5, 'c2': 1.5, 'w': 0.5}
2024-05-12 08:53:07,504 - pyswarms.single.global_best - INFO - Optimization finished | best cost: -3566.9916814661556, best pos: [34514.46826358 46854.33768639 34153.41873965 46977.34530181
 35851.86087844 45370.1183219  36704.46027408 49023.28149552
 37895.64023792 48975.35180258]
2024-05-12 08:55:57,405 - pyswarms.single.global_best - INFO - Optimize for 10000 iters with {'c1': 1.5, 'c2': 1.5, 'w': 0.5}
2024-05-12 08:56:32,435 - pyswarms.single.global_best - INFO - Optimization finished | best cost: -3566.9916814661556, best pos: [36226.80288101 48831.43390691 34836.03242027 46476.9497889
 34971.15886239 49302.22193905 35554.99174475 49042.6321396
 35899.39631701 45454.75962819]
2024-05-12 08:57:14,679 - pyswarms.single.global_best - INFO - Optimize for 1000 iters with {'c1': 1.5, 'c2': 1.5, 'w': 0.5}
2024-05-12 08:57:20,052 - pyswarms.single.global_best - INFO - Optimization finished | best cost: -3566.9916814661556, best pos: [34966.33457354 49434.36124158 37828.82596472 49063.25679176
 36285.12312685 45598.49119932 36348.47840361 48906.93768033
 37563.29758933 47398.80817251]
2024-05-12 09:04:19,276 - pyswarms.single.global_best - INFO - Optimize for 1000 iters with {'c1': 1.0, 'c2': 1.5, 'w': 0.5}
2024-05-12 09:04:24,911 - pyswarms.single.global_best - INFO - Optimization finished | best cost: -3566.9916814661556, best pos: [35384.24598386 49626.08130063 34624.58888833 46421.79049943
 35391.79021809 45897.13862338 34168.01513994 46044.83963733
 36104.86947516 48822.5638003 ]
2024-05-12 09:05:55,687 - pyswarms.single.global_best - INFO - Optimize for 10000 iters with {'c1': 1.0, 'c2': 1.5, 'w': 0.5}
2024-05-12 09:06:51,287 - pyswarms.single.global_best - INFO - Optimization finished | best cost: -3566.9916814661556, best pos: [35617.14559254 49235.91955688 34958.48927063 45592.37018184
 36246.03052164 47469.06194263 37051.22681274 48338.46085265
 37298.67397763 47068.57435464]
2024-05-12 09:07:23,809 - pyswarms.single.global_best - INFO - Optimize for 1000 iters with {'c1': 1.5, 'c2': 1.5, 'w': 0.9}
2024-05-12 09:07:29,222 - pyswarms.single.global_best - INFO - Optimization finished | best cost: -3566.9916814661556, best pos: [37844.1951133  47250.16018583 36235.76871175 46293.34157106
 35757.25850698 47767.49428916 37447.32546691 48692.86582874
 36103.92138289 49574.4667718 ]
2024-05-12 09:08:41,654 - pyswarms.single.global_best - INFO - Optimize for 1000 iters with {'c1': 1.5, 'c2': 1.5, 'w': 0.9}
2024-05-12 09:08:45,209 - pyswarms.single.global_best - INFO - Optimization finished | best cost: -141.4213562373095, best pos: [36778.26935831 45993.82194314 34514.91588562 49087.39935235
 37288.18926776 46518.46225108 37504.90540039 49308.28745748
 35653.64424697 49026.07281495]
2024-05-12 09:08:57,312 - pyswarms.single.global_best - INFO - Optimize for 10000 iters with {'c1': 1.5, 'c2': 1.5, 'w': 0.9}
2024-05-12 09:09:31,670 - pyswarms.single.global_best - INFO - Optimization finished | best cost: -141.4213562373095, best pos: [35519.05783173 47643.50795576 35951.96467657 49339.86360274
 35085.36437973 48496.38326097 35004.58639825 49766.22297814
 36614.1174249  49210.51483338]
2024-05-12 09:10:06,122 - pyswarms.single.global_best - INFO - Optimize for 2000 iters with {'c1': 1.5, 'c2': 1.5, 'w': 0.5}
2024-05-12 09:10:12,805 - pyswarms.single.global_best - INFO - Optimization finished | best cost: -141.4213562373095, best pos: [37752.54315332 46616.76639085 35038.78531794 46915.58189415
 36965.62631106 45571.80998533 37762.4984172  48955.35504605
 37705.91461659 48094.94991849]
2024-05-12 09:10:29,020 - pyswarms.single.global_best - INFO - Optimize for 2000 iters with {'c1': 1.5, 'c2': 1.5, 'w': 0.5}
2024-05-12 09:10:35,597 - pyswarms.single.global_best - INFO - Optimization finished | best cost: -141.4213562373095, best pos: [35750.12853127 48857.47470834 37530.98484123 48018.13102838
 34889.46925208 48934.66205135 36344.7919882  49374.13022474
 36653.67022338 45877.0057443 ]
2024-05-12 09:10:46,811 - pyswarms.single.global_best - INFO - Optimize for 2000 iters with {'c1': 1.5, 'c2': 1.5, 'w': 0.5}
2024-05-12 09:10:54,890 - pyswarms.single.global_best - INFO - Optimize for 2000 iters with {'c1': 1.5, 'c2': 1.5, 'w': 0.5}
2024-05-12 09:11:01,648 - pyswarms.single.global_best - INFO - Optimization finished | best cost: -241.4213562373095, best pos: [35103.53356629 45007.85497914 35916.75777859 48746.32760727
 36204.91458233 48866.27769927 36090.19277411 47950.8808344
 36764.60368502 46346.19067814]
2024-05-12 09:11:06,223 - pyswarms.single.global_best - INFO - Optimize for 2000 iters with {'c1': 1.5, 'c2': 1.5, 'w': 0.5}
2024-05-12 09:11:13,032 - pyswarms.single.global_best - INFO - Optimization finished | best cost: -131.4213562373095, best pos: [35859.41083505 47945.66276661 34419.81079265 48961.79520869
 34853.46712728 46490.26580067 35190.88453265 48706.99051009
 36762.80869733 48464.25602059]
2024-05-12 09:11:24,676 - pyswarms.single.global_best - INFO - Optimize for 2000 iters with {'c1': 1.5, 'c2': 1.5, 'w': 0.5}
2024-05-12 09:11:35,482 - pyswarms.single.global_best - INFO - Optimization finished | best cost: -3566.9916814661556, best pos: [35256.19053449 46720.69690443 36513.42090499 45204.12884461
 37536.47973613 48004.32202314 37202.42076943 45293.75528521
 37468.26641416 47229.36301391]
2024-05-12 09:11:44,444 - pyswarms.single.global_best - INFO - Optimize for 2000 iters with {'c1': 0.5, 'c2': 0.5, 'w': 0.5}
2024-05-12 09:11:55,575 - pyswarms.single.global_best - INFO - Optimization finished | best cost: -3566.9916814661556, best pos: [35819.7740506  49435.340842   37595.82581658 49779.08279687
 35629.13362825 45329.5698534  37851.31876749 49946.65816146
 35717.05677335 47025.46195035]
2024-05-12 09:12:12,615 - pyswarms.single.global_best - INFO - Optimize for 2000 iters with {'c1': 100, 'c2': 30, 'w': 0.5}
2024-05-12 09:12:21,657 - pyswarms.single.global_best - INFO - Optimize for 2000 iters with {'c1': 100, 'c2': 30, 'w': 0.5}
2024-05-12 09:12:28,369 - pyswarms.single.global_best - INFO - Optimization finished | best cost: -3566.9916814661556, best pos: [36314.28394017 46572.80316905 34964.929094   49479.62909479
 37886.51318989 48299.00375709 35632.75120104 46330.834806
 37640.8667027  49506.05736393]
2024-05-12 09:13:06,183 - pyswarms.single.global_best - INFO - Optimize for 2000 iters with {'c1': 100, 'c2': 100, 'w': 0.7}
2024-05-12 09:13:12,627 - pyswarms.single.global_best - INFO - Optimization finished | best cost: -3566.9916814661556, best pos: [35715.08363799 46415.49400319 36187.74641719 49285.58576607
 36333.04600869 49812.65481162 34191.22597044 48516.05378845
 34824.63311881 48117.28352239]
2024-05-12 09:13:22,364 - pyswarms.single.global_best - INFO - Optimize for 2000 iters with {'c1': 100, 'c2': 100, 'w': 0.7}
2024-05-12 09:13:28,983 - pyswarms.single.global_best - INFO - Optimization finished | best cost: -3566.9916814661556, best pos: [34838.78019559 50584.30238366 36904.682879   50442.5230152
 34519.16749061 44655.6714321  38563.09467563 49343.15895194
 34819.55310027 45452.62486657]
